10:33:57:439 [main] INFO  testCases.TC002_LoginTest - ******** Finished TC002_LoginTest ******
14:40:53:506 [main] INFO  org.testng.internal.Utils - [TestNG] Running:
  C:\Users\yoges\eclipse-workspace\OpenCartv101\grouping.xml

14:41:09:480 [main] INFO  testCases.TC001_AccountRegistrationTest - ***********  Started TC001_AccountRegistrationTest ********
14:41:09:860 [main] INFO  testCases.TC001_AccountRegistrationTest - Clicked on MyAccount Link
14:41:11:659 [main] INFO  testCases.TC001_AccountRegistrationTest - Clicked on Register Link
14:41:11:667 [main] INFO  testCases.TC001_AccountRegistrationTest - Providing customer details ...
14:41:16:243 [main] INFO  testCases.TC001_AccountRegistrationTest - Validating expected message .. 
14:41:16:333 [main] INFO  testCases.TC001_AccountRegistrationTest - ***********  Finished TC001_AccountRegistrationTest ********
14:41:21:566 [main] INFO  testCases.TC002_LoginTest - ******** Starting TC002_LoginTest ******
14:41:25:174 [main] INFO  testCases.TC002_LoginTest - ******** Finished TC002_LoginTest ******
14:48:09:979 [main] INFO  org.testng.internal.Utils - [TestNG] Running:
  C:\Users\yoges\eclipse-workspace\OpenCartv101\groupingextentreport.xml

14:48:18:179 [main] INFO  testCases.TC001_AccountRegistrationTest - ***********  Started TC001_AccountRegistrationTest ********
14:48:18:794 [main] INFO  testCases.TC001_AccountRegistrationTest - Clicked on MyAccount Link
14:48:19:958 [main] INFO  testCases.TC001_AccountRegistrationTest - Clicked on Register Link
14:48:19:972 [main] INFO  testCases.TC001_AccountRegistrationTest - Providing customer details ...
14:48:24:151 [main] INFO  testCases.TC001_AccountRegistrationTest - Validating expected message .. 
14:48:24:231 [main] INFO  testCases.TC001_AccountRegistrationTest - ***********  Finished TC001_AccountRegistrationTest ********
14:48:30:127 [main] INFO  testCases.TC002_LoginTest - ******** Starting TC002_LoginTest ******
14:48:32:457 [main] INFO  testCases.TC002_LoginTest - ******** Finished TC002_LoginTest ******
14:52:20:798 [main] INFO  org.testng.internal.Utils - [TestNG] Running:
  C:\Users\yoges\eclipse-workspace\OpenCartv101\groupingextentreport.xml

14:52:31:892 [main] INFO  testCases.TC001_AccountRegistrationTest - ***********  Started TC001_AccountRegistrationTest ********
14:52:32:868 [main] INFO  testCases.TC001_AccountRegistrationTest - Clicked on MyAccount Link
14:52:34:192 [main] INFO  testCases.TC001_AccountRegistrationTest - Clicked on Register Link
14:52:34:202 [main] INFO  testCases.TC001_AccountRegistrationTest - Providing customer details ...
14:52:38:725 [main] INFO  testCases.TC001_AccountRegistrationTest - Validating expected message .. 
14:52:38:827 [main] INFO  testCases.TC001_AccountRegistrationTest - ***********  Finished TC001_AccountRegistrationTest ********
14:54:29:722 [main] INFO  org.testng.internal.Utils - [TestNG] Running:
  C:\Users\yoges\eclipse-workspace\OpenCartv101\groupingextentreport.xml

14:54:35:391 [main] INFO  testCases.TC001_AccountRegistrationTest - ***********  Started TC001_AccountRegistrationTest ********
14:54:36:591 [main] INFO  testCases.TC001_AccountRegistrationTest - Clicked on MyAccount Link
14:54:37:875 [main] INFO  testCases.TC001_AccountRegistrationTest - Clicked on Register Link
14:54:37:928 [main] INFO  testCases.TC001_AccountRegistrationTest - Providing customer details ...
14:54:42:388 [main] INFO  testCases.TC001_AccountRegistrationTest - Validating expected message .. 
14:54:42:460 [main] INFO  testCases.TC001_AccountRegistrationTest - ***********  Finished TC001_AccountRegistrationTest ********
14:54:47:994 [main] INFO  testCases.TC002_LoginTest - ******** Starting TC002_LoginTest ******
14:54:50:390 [main] INFO  testCases.TC002_LoginTest - ******** Finished TC002_LoginTest ******
13:28:08:635 [main] INFO  org.testng.internal.Utils - [TestNG] Running:
  C:\Users\yoges\eclipse-workspace\OpenCartv101\testng2_platform.xml

13:30:17:940 [main] INFO  org.testng.internal.Utils - [TestNG] Running:
  C:\Users\yoges\eclipse-workspace\OpenCartv101\testng2_platform.xml

13:30:35:401 [main] INFO  testCases.TC001_AccountRegistrationTest - ***********  Started TC001_AccountRegistrationTest ********
13:30:37:048 [main] INFO  testCases.TC001_AccountRegistrationTest - Clicked on MyAccount Link
13:30:40:065 [main] INFO  testCases.TC001_AccountRegistrationTest - Clicked on Register Link
13:30:40:078 [main] INFO  testCases.TC001_AccountRegistrationTest - Providing customer details ...
13:30:45:996 [main] INFO  testCases.TC001_AccountRegistrationTest - Validating expected message .. 
13:30:46:071 [main] INFO  testCases.TC001_AccountRegistrationTest - ***********  Finished TC001_AccountRegistrationTest ********
13:30:50:966 [main] INFO  testCases.TC002_LoginTest - ******** Starting TC002_LoginTest ******
13:30:54:901 [main] INFO  testCases.TC002_LoginTest - ******** Finished TC002_LoginTest ******
13:31:34:843 [main] INFO  org.testng.internal.Utils - [TestNG] Running:
  C:\Users\yoges\eclipse-workspace\OpenCartv101\testng2_platform.xml

